2023-05-16 22:46:11,060 [Worker-2: Loading available Gradle versions] INFO  o.e.b.c.i.u.g.PublishedGradleVersions - Gradle version information cache is up-to-date. Trying to read.
2023-05-16 22:47:53,526 [Worker-2: Loading available Gradle versions] INFO  o.e.b.c.i.u.g.PublishedGradleVersions - Gradle version information cache is up-to-date. Trying to read.
2023-05-16 22:48:48,285 [Worker-1: Importing Maven projects] INFO  o.e.m.c.i.l.LifecycleMappingFactory - Using org.eclipse.m2e.jdt.JarLifecycleMapping lifecycle mapping for MavenProject: com.hotel.booking:HotelBooking:0.0.1-SNAPSHOT @ C:\Users\Mi Notebook Ruby\OneDrive\Desktop\mybatis Spring Boot\hotel_booking\pom.xml.
2023-05-16 22:48:49,134 [Worker-1: Importing Maven projects] INFO  o.e.m.c.i.l.LifecycleMappingFactory - Using org.eclipse.m2e.jdt.JarLifecycleMapping lifecycle mapping for MavenProject: com.jquery.spring:jQuery_Spring:0.0.1-SNAPSHOT @ C:\Users\Mi Notebook Ruby\OneDrive\Desktop\mybatis Spring Boot\jQuery_Spring\pom.xml.
2023-05-16 22:48:49,295 [Worker-1: Importing Maven projects] INFO  o.e.m.c.i.l.LifecycleMappingFactory - Using org.eclipse.m2e.jdt.JarLifecycleMapping lifecycle mapping for MavenProject: com.mybatis.expense:hello_mybatis-1:0.0.1-SNAPSHOT @ C:\Users\Mi Notebook Ruby\OneDrive\Desktop\mybatis Spring Boot\MonthlyExpenseSystem(hello_mybatis)\pom.xml.
2023-05-16 22:48:52,758 [Worker-1: Importing Maven projects] INFO  o.e.m.j.i.AbstractJavaProjectConfigurator - Adding source folder /hello_mybatis-1/src/main/java
2023-05-16 22:48:52,759 [Worker-1: Importing Maven projects] INFO  o.e.m.j.i.AbstractJavaProjectConfigurator - Adding resource folder /hello_mybatis-1/src/main/resources
2023-05-16 22:48:52,761 [Worker-1: Importing Maven projects] INFO  o.e.m.j.i.AbstractJavaProjectConfigurator - Adding resource folder /hello_mybatis-1/src/main/resources
2023-05-16 22:48:52,765 [Worker-1: Importing Maven projects] INFO  o.e.m.j.i.AbstractJavaProjectConfigurator - Adding source folder /hello_mybatis-1/src/test/java
2023-05-16 22:48:52,766 [Worker-1: Importing Maven projects] ERROR o.e.m.j.i.AbstractJavaProjectConfigurator - Failed to find a compatible VM for environment id 'JavaSE-17', falling back to workspace default
2023-05-16 22:48:54,097 [Worker-1: Importing Maven projects] INFO  o.e.m.j.i.AbstractJavaProjectConfigurator - Adding source folder /HotelBooking/src/main/java
2023-05-16 22:48:54,097 [Worker-1: Importing Maven projects] INFO  o.e.m.j.i.AbstractJavaProjectConfigurator - Adding resource folder /HotelBooking/src/main/resources
2023-05-16 22:48:54,100 [Worker-1: Importing Maven projects] INFO  o.e.m.j.i.AbstractJavaProjectConfigurator - Adding resource folder /HotelBooking/src/main/resources
2023-05-16 22:48:54,105 [Worker-1: Importing Maven projects] INFO  o.e.m.j.i.AbstractJavaProjectConfigurator - Adding source folder /HotelBooking/src/test/java
2023-05-16 22:48:54,105 [Worker-1: Importing Maven projects] ERROR o.e.m.j.i.AbstractJavaProjectConfigurator - Failed to find a compatible VM for environment id 'JavaSE-17', falling back to workspace default
2023-05-16 22:48:55,117 [Worker-1: Importing Maven projects] INFO  o.e.m.j.i.AbstractJavaProjectConfigurator - Adding source folder /jQuery_Spring/src/main/java
2023-05-16 22:48:55,118 [Worker-1: Importing Maven projects] INFO  o.e.m.j.i.AbstractJavaProjectConfigurator - Adding resource folder /jQuery_Spring/src/main/resources
2023-05-16 22:48:55,119 [Worker-1: Importing Maven projects] INFO  o.e.m.j.i.AbstractJavaProjectConfigurator - Adding resource folder /jQuery_Spring/src/main/resources
2023-05-16 22:48:55,121 [Worker-1: Importing Maven projects] INFO  o.e.m.j.i.AbstractJavaProjectConfigurator - Adding source folder /jQuery_Spring/src/test/java
2023-05-16 22:48:55,121 [Worker-1: Importing Maven projects] ERROR o.e.m.j.i.AbstractJavaProjectConfigurator - Failed to find a compatible VM for environment id 'JavaSE-17', falling back to workspace default
2023-05-16 22:48:55,667 [Worker-1: Importing Maven projects] INFO  o.e.m.c.i.p.ProjectConfigurationManager - Imported and configured 3 project(s) in 10 sec
2023-05-16 22:48:59,111 [Worker-21: Updating Maven Project] INFO  o.e.m.c.i.p.ProjectConfigurationManager - Update started
2023-05-16 22:49:01,171 [Worker-21: Updating Maven Project] INFO  o.e.m.c.i.l.LifecycleMappingFactory - Using org.eclipse.m2e.jdt.JarLifecycleMapping lifecycle mapping for MavenProject: com.hotel.booking:HotelBooking:0.0.1-SNAPSHOT @ C:\Users\Mi Notebook Ruby\OneDrive\Desktop\mybatis Spring Boot\hotel_booking\pom.xml.
2023-05-16 22:49:02,298 [Worker-21: Updating Maven Project] INFO  o.e.m.c.i.l.LifecycleMappingFactory - Using org.eclipse.m2e.jdt.JarLifecycleMapping lifecycle mapping for MavenProject: com.mybatis.expense:hello_mybatis-1:0.0.1-SNAPSHOT @ C:\Users\Mi Notebook Ruby\OneDrive\Desktop\mybatis Spring Boot\MonthlyExpenseSystem(hello_mybatis)\pom.xml.
2023-05-16 22:49:02,470 [Worker-21: Updating Maven Project] INFO  o.e.m.c.i.l.LifecycleMappingFactory - Using org.eclipse.m2e.jdt.JarLifecycleMapping lifecycle mapping for MavenProject: com.jquery.spring:jQuery_Spring:0.0.1-SNAPSHOT @ C:\Users\Mi Notebook Ruby\OneDrive\Desktop\mybatis Spring Boot\jQuery_Spring\pom.xml.
2023-05-16 22:49:04,453 [Worker-21: Updating Maven Project] INFO  o.e.m.j.i.AbstractJavaProjectConfigurator - Adding source folder /HotelBooking/src/main/java
2023-05-16 22:49:04,454 [Worker-21: Updating Maven Project] INFO  o.e.m.j.i.AbstractJavaProjectConfigurator - Adding resource folder /HotelBooking/src/main/resources
2023-05-16 22:49:04,456 [Worker-21: Updating Maven Project] INFO  o.e.m.j.i.AbstractJavaProjectConfigurator - Adding resource folder /HotelBooking/src/main/resources
2023-05-16 22:49:04,471 [Worker-21: Updating Maven Project] INFO  o.e.m.j.i.AbstractJavaProjectConfigurator - Adding source folder /HotelBooking/src/test/java
2023-05-16 22:49:04,472 [Worker-21: Updating Maven Project] ERROR o.e.m.j.i.AbstractJavaProjectConfigurator - Failed to find a compatible VM for environment id 'JavaSE-17', falling back to workspace default
2023-05-16 22:49:05,327 [Worker-21: Updating Maven Project] INFO  o.e.m.j.i.AbstractJavaProjectConfigurator - Adding source folder /hello_mybatis-1/src/main/java
2023-05-16 22:49:05,328 [Worker-21: Updating Maven Project] INFO  o.e.m.j.i.AbstractJavaProjectConfigurator - Adding resource folder /hello_mybatis-1/src/main/resources
2023-05-16 22:49:05,329 [Worker-21: Updating Maven Project] INFO  o.e.m.j.i.AbstractJavaProjectConfigurator - Adding resource folder /hello_mybatis-1/src/main/resources
2023-05-16 22:49:05,331 [Worker-21: Updating Maven Project] INFO  o.e.m.j.i.AbstractJavaProjectConfigurator - Adding source folder /hello_mybatis-1/src/test/java
2023-05-16 22:49:05,331 [Worker-21: Updating Maven Project] ERROR o.e.m.j.i.AbstractJavaProjectConfigurator - Failed to find a compatible VM for environment id 'JavaSE-17', falling back to workspace default
2023-05-16 22:49:07,027 [Worker-21: Updating Maven Project] INFO  o.e.m.j.i.AbstractJavaProjectConfigurator - Adding source folder /jQuery_Spring/src/main/java
2023-05-16 22:49:07,028 [Worker-21: Updating Maven Project] INFO  o.e.m.j.i.AbstractJavaProjectConfigurator - Adding resource folder /jQuery_Spring/src/main/resources
2023-05-16 22:49:07,029 [Worker-21: Updating Maven Project] INFO  o.e.m.j.i.AbstractJavaProjectConfigurator - Adding resource folder /jQuery_Spring/src/main/resources
2023-05-16 22:49:07,031 [Worker-21: Updating Maven Project] INFO  o.e.m.j.i.AbstractJavaProjectConfigurator - Adding source folder /jQuery_Spring/src/test/java
2023-05-16 22:49:07,032 [Worker-21: Updating Maven Project] ERROR o.e.m.j.i.AbstractJavaProjectConfigurator - Failed to find a compatible VM for environment id 'JavaSE-17', falling back to workspace default
2023-05-16 22:49:09,001 [Worker-21: Updating Maven Project] INFO  o.e.m.c.i.p.ProjectConfigurationManager - Update completed for 3 poms: local refresh takes 0.00 sec, refresh facades takes 4.00 sec, update config takes 3.00 sec 
2023-05-16 22:49:11,322 [Worker-13: Building] INFO  o.a.m.s.f.DefaultMavenResourcesFiltering - Copying 1 resource from src\main\resources to target\classes
2023-05-16 22:49:11,363 [Worker-13: Building] INFO  o.a.m.s.f.DefaultMavenResourcesFiltering - Copying 13 resources from src\main\resources to target\classes
2023-05-16 22:49:11,417 [Worker-13: Building] INFO  o.a.m.s.f.DefaultMavenResourcesFiltering - skip non existing resourceDirectory C:\Users\Mi Notebook Ruby\OneDrive\Desktop\mybatis Spring Boot\hotel_booking\src\test\resources
2023-05-16 22:49:13,427 [Worker-13: Building] INFO  o.a.m.s.f.DefaultMavenResourcesFiltering - Copying 1 resource from src\main\resources to target\classes
2023-05-16 22:49:13,483 [Worker-13: Building] INFO  o.a.m.s.f.DefaultMavenResourcesFiltering - Copying 6 resources from src\main\resources to target\classes
2023-05-16 22:49:13,544 [Worker-13: Building] INFO  o.a.m.s.f.DefaultMavenResourcesFiltering - skip non existing resourceDirectory C:\Users\Mi Notebook Ruby\OneDrive\Desktop\mybatis Spring Boot\MonthlyExpenseSystem(hello_mybatis)\src\test\resources
2023-05-16 22:49:14,290 [Worker-13: Building] INFO  o.a.m.s.f.DefaultMavenResourcesFiltering - Copying 1 resource from src\main\resources to target\classes
2023-05-16 22:49:14,337 [Worker-13: Building] INFO  o.a.m.s.f.DefaultMavenResourcesFiltering - Copying 3 resources from src\main\resources to target\classes
2023-05-16 22:49:14,379 [Worker-13: Building] INFO  o.a.m.s.f.DefaultMavenResourcesFiltering - skip non existing resourceDirectory C:\Users\Mi Notebook Ruby\OneDrive\Desktop\mybatis Spring Boot\jQuery_Spring\src\test\resources
